This file contains any messages produced by compilers while
running configure, to aid debugging if configure makes a mistake.

It was created by gstranslator2_service configure 0.1, which was
generated by GNU Autoconf 2.69.  Invocation command line was

  $ ./configure 

## --------- ##
## Platform. ##
## --------- ##

hostname = rasus
uname -m = x86_64
uname -r = 3.4.4-2-ck
uname -s = Linux
uname -v = #1 SMP PREEMPT Mon Jun 25 17:02:04 EDT 2012

/usr/bin/uname -p = unknown
/bin/uname -X     = unknown

/bin/arch              = unknown
/usr/bin/arch -k       = unknown
/usr/convex/getsysinfo = unknown
/usr/bin/hostinfo      = unknown
/bin/machine           = unknown
/usr/bin/oslevel       = unknown
/bin/universe          = unknown

PATH: /usr/local/bin
PATH: /usr/bin
PATH: /bin
PATH: /usr/local/sbin
PATH: /usr/sbin
PATH: /sbin
PATH: /opt/android-sdk/platform-tools
PATH: /opt/android-sdk/tools
PATH: /usr/bin/core_perl
PATH: /opt/qt/bin


## ----------- ##
## Core tests. ##
## ----------- ##

configure:1757: checking for a BSD-compatible install
configure:1825: result: /usr/bin/install -c
configure:1836: checking whether build environment is sane
configure:1891: result: yes
configure:2042: checking for a thread-safe mkdir -p
configure:2081: result: /bin/mkdir -p
configure:2088: checking for gawk
configure:2104: found /usr/bin/gawk
configure:2115: result: gawk
configure:2126: checking whether make sets $(MAKE)
configure:2148: result: yes
configure:2241: checking for python
configure:2259: found /usr/bin/python
configure:2271: result: /usr/bin/python
configure:2292: checking for python version
configure:2299: result: 3.2
configure:2311: checking for python platform
configure:2318: result: linux2
configure:2325: checking for python script directory
configure:2353: result: ${prefix}/lib/python3.2/site-packages
configure:2362: checking for python extension module directory
configure:2390: result: ${exec_prefix}/lib/python3.2/site-packages
configure:2521: checking that generated files are newer than configure
configure:2527: result: done
configure:2535: creating ./config.status

## ---------------------- ##
## Running config.status. ##
## ---------------------- ##

This file was extended by gstranslator2_service config.status 0.1, which was
generated by GNU Autoconf 2.69.  Invocation command line was

  CONFIG_FILES    = 
  CONFIG_HEADERS  = 
  CONFIG_LINKS    = 
  CONFIG_COMMANDS = 
  $ ./config.status 

on rasus

config.status:814: creating Makefile
config.status:814: creating src/Makefile
config.status:814: creating config.h
config.status:995: config.h is unchanged

## ---------------- ##
## Cache variables. ##
## ---------------- ##

ac_cv_env_PYTHON_set=
ac_cv_env_PYTHON_value=
ac_cv_env_build_alias_set=
ac_cv_env_build_alias_value=
ac_cv_env_host_alias_set=
ac_cv_env_host_alias_value=
ac_cv_env_target_alias_set=
ac_cv_env_target_alias_value=
ac_cv_path_PYTHON=/usr/bin/python
ac_cv_path_install='/usr/bin/install -c'
ac_cv_path_mkdir=/bin/mkdir
ac_cv_prog_AWK=gawk
ac_cv_prog_make_make_set=yes
am_cv_python_platform=linux2
am_cv_python_pyexecdir='${exec_prefix}/lib/python3.2/site-packages'
am_cv_python_pythondir='${prefix}/lib/python3.2/site-packages'
am_cv_python_version=3.2

## ----------------- ##
## Output variables. ##
## ----------------- ##

ACLOCAL='${SHELL} /home/rad/workspace2/gstranslator2-service/missing --run aclocal-1.12'
AMTAR='$${TAR-tar}'
AUTOCONF='${SHELL} /home/rad/workspace2/gstranslator2-service/missing --run autoconf'
AUTOHEADER='${SHELL} /home/rad/workspace2/gstranslator2-service/missing --run autoheader'
AUTOMAKE='${SHELL} /home/rad/workspace2/gstranslator2-service/missing --run automake-1.12'
AWK='gawk'
CYGPATH_W='echo'
DEFS='-DHAVE_CONFIG_H'
ECHO_C=''
ECHO_N='-n'
ECHO_T=''
INSTALL_DATA='${INSTALL} -m 644'
INSTALL_PROGRAM='${INSTALL}'
INSTALL_SCRIPT='${INSTALL}'
INSTALL_STRIP_PROGRAM='$(install_sh) -c -s'
LIBOBJS=''
LIBS=''
LTLIBOBJS=''
MAKEINFO='${SHELL} /home/rad/workspace2/gstranslator2-service/missing --run makeinfo'
MKDIR_P='/bin/mkdir -p'
PACKAGE='gstranslator2_service'
PACKAGE_BUGREPORT=''
PACKAGE_NAME='gstranslator2_service'
PACKAGE_STRING='gstranslator2_service 0.1'
PACKAGE_TARNAME='gstranslator2_service'
PACKAGE_URL=''
PACKAGE_VERSION='0.1'
PATH_SEPARATOR=':'
PYTHON='/usr/bin/python'
PYTHON_EXEC_PREFIX='${exec_prefix}'
PYTHON_PLATFORM='linux2'
PYTHON_PREFIX='${prefix}'
PYTHON_VERSION='3.2'
SET_MAKE=''
SHELL='/bin/sh'
STRIP=''
VERSION='0.1'
am__isrc=''
am__leading_dot='.'
am__tar='$${TAR-tar} chof - "$$tardir"'
am__untar='$${TAR-tar} xf -'
bindir='${exec_prefix}/bin'
build_alias=''
datadir='${datarootdir}'
datarootdir='${prefix}/share'
docdir='${datarootdir}/doc/${PACKAGE_TARNAME}'
dvidir='${docdir}'
exec_prefix='${prefix}'
host_alias=''
htmldir='${docdir}'
includedir='${prefix}/include'
infodir='${datarootdir}/info'
install_sh='${SHELL} /home/rad/workspace2/gstranslator2-service/install-sh'
libdir='${exec_prefix}/lib'
libexecdir='${exec_prefix}/libexec'
localedir='${datarootdir}/locale'
localstatedir='${prefix}/var'
mandir='${datarootdir}/man'
oldincludedir='/usr/include'
pdfdir='${docdir}'
pkgpyexecdir='${pyexecdir}/gstranslator2_service'
pkgpythondir='${pythondir}/gstranslator2_service'
prefix='/usr/local'
program_transform_name='s,x,x,'
psdir='${docdir}'
pyexecdir='${exec_prefix}/lib/python3.2/site-packages'
pythondir='${prefix}/lib/python3.2/site-packages'
sbindir='${exec_prefix}/sbin'
sharedstatedir='${prefix}/com'
sysconfdir='${prefix}/etc'
target_alias=''

## ----------- ##
## confdefs.h. ##
## ----------- ##

/* confdefs.h */
#define PACKAGE_NAME "gstranslator2_service"
#define PACKAGE_TARNAME "gstranslator2_service"
#define PACKAGE_VERSION "0.1"
#define PACKAGE_STRING "gstranslator2_service 0.1"
#define PACKAGE_BUGREPORT ""
#define PACKAGE_URL ""
#define PACKAGE "gstranslator2_service"
#define VERSION "0.1"

configure: exit 0
